<?xml version="1.0" encoding="UTF-8"?>
<!-- Generated by org.testng.reporters.JUnitXMLReporter -->
<testsuite hostname="DESKTOP-ANM85HS" name="Default test" tests="2" failures="0" timestamp="11 Feb 2020 09:03:52 GMT" time="13.591" errors="0">
  <testcase name="test" time="1.185" classname="MyFirstMavenProjectDemo.MyFirstMavenProjectDemo.Test_QAClick"/>
  <testcase name="Test" time="0.013" classname="MyFirstMavenProjectDemo.MyFirstMavenProjectDemo.Test_QAClick"/>
</testsuite> <!-- Default test -->
