<?xml version="1.0" encoding="UTF-8"?>
<testng-results skipped="0" failed="0" ignored="0" total="2" passed="2">
  <reporter-output>
  </reporter-output>
  <suite name="MyFirstMavenProjectDemo.MyFirstMavenProjectDemo.Test_QAClick" duration-ms="14582" started-at="2020-03-30T15:51:40 IST" finished-at="2020-03-30T15:51:55 IST">
    <groups>
    </groups>
    <test name="Command line test" duration-ms="14582" started-at="2020-03-30T15:51:40 IST" finished-at="2020-03-30T15:51:55 IST">
      <class name="MyFirstMavenProjectDemo.MyFirstMavenProjectDemo.Test_QAClick">
        <test-method status="PASS" signature="PreCondtion()[pri:0, instance:MyFirstMavenProjectDemo.MyFirstMavenProjectDemo.Test_QAClick@31ef45e3]" name="PreCondtion" is-config="true" duration-ms="12785" started-at="2020-03-30T15:51:40 IST" finished-at="2020-03-30T15:51:53 IST">
          <reporter-output>
          </reporter-output>
        </test-method> <!-- PreCondtion -->
        <test-method status="PASS" signature="test()[pri:1, instance:MyFirstMavenProjectDemo.MyFirstMavenProjectDemo.Test_QAClick@31ef45e3]" name="test" duration-ms="1666" started-at="2020-03-30T15:51:53 IST" finished-at="2020-03-30T15:51:55 IST">
          <reporter-output>
          </reporter-output>
        </test-method> <!-- test -->
        <test-method status="PASS" signature="Test()[pri:2, instance:MyFirstMavenProjectDemo.MyFirstMavenProjectDemo.Test_QAClick@31ef45e3]" name="Test" duration-ms="16" started-at="2020-03-30T15:51:55 IST" finished-at="2020-03-30T15:51:55 IST">
          <reporter-output>
          </reporter-output>
        </test-method> <!-- Test -->
      </class> <!-- MyFirstMavenProjectDemo.MyFirstMavenProjectDemo.Test_QAClick -->
    </test> <!-- Command line test -->
  </suite> <!-- MyFirstMavenProjectDemo.MyFirstMavenProjectDemo.Test_QAClick -->
</testng-results>
