<?xml version="1.0" encoding="UTF-8"?>
<!-- Generated by org.testng.reporters.JUnitXMLReporter -->
<testsuite hostname="DESKTOP-ANM85HS" ignored="0" name="Command line test" tests="2" failures="0" timestamp="2020-03-30T15:51:55 IST" time="14.582" errors="0">
  <testcase name="test" time="1.666" classname="MyFirstMavenProjectDemo.MyFirstMavenProjectDemo.Test_QAClick"/>
  <testcase name="Test" time="0.016" classname="MyFirstMavenProjectDemo.MyFirstMavenProjectDemo.Test_QAClick"/>
</testsuite> <!-- Command line test -->
